------> (Makefile.header) Rebuilding constituents.make
------> (constituents.make) Rebuilding setup.make slc4_ia32_testjob2.make
CMTCONFIG=slc4_ia32_testjob2
../slc4_ia32_testjob2/HltGlobalMonitorsetup.make untouched 
setup.make ok
slc4_ia32_testjob2.make ok
------> (constituents.make) Rebuilding library links
------> (constituents.make) all done
------> (constituents.make) Building HltGlobalMonitor.make
Library HltGlobalMonitor
------> (constituents.make) Starting HltGlobalMonitor
------> (HltGlobalMonitor.make) Rebuilding ../slc4_ia32_testjob2/HltGlobalMonitor_dependencies.make
../slc4_ia32_testjob2/HltGlobalMonitor_load.o
cd ../slc4_ia32_testjob2/; g++ -c -I"/afs/cern.ch/user/b/bdepaula/cmtuser/Moore_v2r2/InstallArea/include" -I"/afs/cern.ch/lhcb/software/releases/MOORE/MOORE_v2r2/InstallArea/include" -I"/afs/cern.ch/lhcb/software/releases/HLT/HLT_v1r3/InstallArea/include" -I"/afs/cern.ch/lhcb/software/releases/LHCB/LHCB_v22r2/InstallArea/include" -I"/afs/cern.ch/sw/Gaudi/releases/GAUDI/GAUDI_v19r2/InstallArea/include" -I"/afs/cern.ch/lhcb/software/releases/LBCOM/LBCOM_v6r2/InstallArea/include" -I"/afs/cern.ch/lhcb/software/releases/REC/REC_v4r2/InstallArea/include" -I"/afs/cern.ch/lhcb/software/releases/PHYS/PHYS_v6r0/InstallArea/include" -I"/afs/cern.ch/lhcb/software/releases/ONLINE/ONLINE_v3r1/InstallArea/include" -I"/afs/cern.ch/sw/lcg/external/root/5.14.00c/rh73_gcc32/root/include" -I"/afs/cern.ch/sw/lcg/external/root/5.14.00c/rh73_gcc32/root/include" -I"/afs/cern.ch/sw/lcg/external/Boost/1.33.1/rh73_gcc32/include/boost-1_33_1" -I"/afs/cern.ch/sw/lcg/external/GSL/1.8/rh73_gcc32/include" -I"/afs/cern.ch/sw/lcg/app/releases/LCGCMT/LCGCMT_50a/LCG_Configuration/src"   -fmessage-length=0 -Df2cFortran -fPIC -shared -D_GNU_SOURCE -Dlinux -Dunix -pipe -ansi -Wall -W -pthread  -D_GNU_SOURCE -o HltGlobalMonitor_load.o                                                                                                     ../src/HltGlobalMonitor_load.cpp
In file included from /afs/cern.ch/sw/Gaudi/releases/GAUDI/GAUDI_v19r2/InstallArea/include/GaudiKernel/DeclareFactoryEntries.h:16,
                 from ../src/HltGlobalMonitor_load.cpp:1:
/afs/cern.ch/sw/Gaudi/releases/GAUDI/GAUDI_v19r2/InstallArea/include/GaudiKernel/CnvFactory.h:5:34: Reflex/PluginService.h: No such file or directory
In file included from /afs/cern.ch/sw/Gaudi/releases/GAUDI/GAUDI_v19r2/InstallArea/include/GaudiKernel/DeclareFactoryEntries.h:16,
                 from ../src/HltGlobalMonitor_load.cpp:1:
/afs/cern.ch/sw/Gaudi/releases/GAUDI/GAUDI_v19r2/InstallArea/include/GaudiKernel/CnvFactory.h:22: error: `Factory' is not a template
/afs/cern.ch/sw/Gaudi/releases/GAUDI/GAUDI_v19r2/InstallArea/include/GaudiKernel/CnvFactory.h:23: error: expected unqualified-id before '<' token
/afs/cern.ch/sw/Gaudi/releases/GAUDI/GAUDI_v19r2/InstallArea/include/GaudiKernel/CnvFactory.h:23: error: expected `,' or `...' before '<' token
/afs/cern.ch/sw/Gaudi/releases/GAUDI/GAUDI_v19r2/InstallArea/include/GaudiKernel/CnvFactory.h:23: error: ISO C++ forbids declaration of `parameter' with no type
/afs/cern.ch/sw/Gaudi/releases/GAUDI/GAUDI_v19r2/InstallArea/include/GaudiKernel/CnvFactory.h: In static member function `static void* <unnamed>::Factory<P>::Func(void*, int)':
/afs/cern.ch/sw/Gaudi/releases/GAUDI/GAUDI_v19r2/InstallArea/include/GaudiKernel/CnvFactory.h:24: error: `arg' was not declared in this scope
/afs/cern.ch/sw/Gaudi/releases/GAUDI/GAUDI_v19r2/InstallArea/include/GaudiKernel/CnvFactory.h: At global scope:
/afs/cern.ch/sw/Gaudi/releases/GAUDI/GAUDI_v19r2/InstallArea/include/GaudiKernel/CnvFactory.h:37: error: ISO C++ forbids declaration of `ostream' with no type
/afs/cern.ch/sw/Gaudi/releases/GAUDI/GAUDI_v19r2/InstallArea/include/GaudiKernel/CnvFactory.h:37: error: `ostream' is neither function nor member function; cannot be declared friend
/afs/cern.ch/sw/Gaudi/releases/GAUDI/GAUDI_v19r2/InstallArea/include/GaudiKernel/CnvFactory.h:37: error: expected `;' before '&' token
/afs/cern.ch/sw/Gaudi/releases/GAUDI/GAUDI_v19r2/InstallArea/include/GaudiKernel/CnvFactory.h:42: error: expected initializer before '&' token
In file included from /afs/cern.ch/sw/Gaudi/releases/GAUDI/GAUDI_v19r2/InstallArea/include/GaudiKernel/DeclareFactoryEntries.h:17,
                 from ../src/HltGlobalMonitor_load.cpp:1:
/afs/cern.ch/sw/Gaudi/releases/GAUDI/GAUDI_v19r2/InstallArea/include/GaudiKernel/SvcFactory.h:14: error: expected unqualified-id before '&' token
/afs/cern.ch/sw/Gaudi/releases/GAUDI/GAUDI_v19r2/InstallArea/include/GaudiKernel/SvcFactory.h:14: error: expected `,' or `...' before '&' token
/afs/cern.ch/sw/Gaudi/releases/GAUDI/GAUDI_v19r2/InstallArea/include/GaudiKernel/SvcFactory.h:14: error: ISO C++ forbids declaration of `parameter' with no type
/afs/cern.ch/sw/Gaudi/releases/GAUDI/GAUDI_v19r2/InstallArea/include/GaudiKernel/SvcFactory.h: In static member function `static IService* SvcFactory<T>::create(int)':
/afs/cern.ch/sw/Gaudi/releases/GAUDI/GAUDI_v19r2/InstallArea/include/GaudiKernel/SvcFactory.h:15: error: `name' was not declared in this scope
/afs/cern.ch/sw/Gaudi/releases/GAUDI/GAUDI_v19r2/InstallArea/include/GaudiKernel/SvcFactory.h:15: error: `svcloc' was not declared in this scope
/afs/cern.ch/sw/Gaudi/releases/GAUDI/GAUDI_v19r2/InstallArea/include/GaudiKernel/SvcFactory.h: At global scope:
/afs/cern.ch/sw/Gaudi/releases/GAUDI/GAUDI_v19r2/InstallArea/include/GaudiKernel/SvcFactory.h:20: error: `string' is not a member of `std'
/afs/cern.ch/sw/Gaudi/releases/GAUDI/GAUDI_v19r2/InstallArea/include/GaudiKernel/SvcFactory.h:20: error: a comma operator cannot appear in a constant-expression
/afs/cern.ch/sw/Gaudi/releases/GAUDI/GAUDI_v19r2/InstallArea/include/GaudiKernel/SvcFactory.h:20: error: wrong number of template arguments (2, should be 1)
/afs/cern.ch/sw/Gaudi/releases/GAUDI/GAUDI_v19r2/InstallArea/include/GaudiKernel/CnvFactory.h:22: error: provided for `template<class P> class <unnamed>::Factory'
/afs/cern.ch/sw/Gaudi/releases/GAUDI/GAUDI_v19r2/InstallArea/include/GaudiKernel/SvcFactory.h:32: error: `TypeDistiller' is not a template
/afs/cern.ch/sw/Gaudi/releases/GAUDI/GAUDI_v19r2/InstallArea/include/GaudiKernel/SvcFactory.h:32: error: `string' is not a member of `std'
/afs/cern.ch/sw/Gaudi/releases/GAUDI/GAUDI_v19r2/InstallArea/include/GaudiKernel/SvcFactory.h:32: error: `string' is not a member of `std'
/afs/cern.ch/sw/Gaudi/releases/GAUDI/GAUDI_v19r2/InstallArea/include/GaudiKernel/SvcFactory.h:32: error: explicit specialization of non-template `ROOT::Reflex::TypeDistiller'
/afs/cern.ch/sw/Gaudi/releases/GAUDI/GAUDI_v19r2/InstallArea/include/GaudiKernel/SvcFactory.h:34: error: `Type' does not name a type
In file included from /afs/cern.ch/sw/Gaudi/releases/GAUDI/GAUDI_v19r2/InstallArea/include/GaudiKernel/DeclareFactoryEntries.h:18,
                 from ../src/HltGlobalMonitor_load.cpp:1:
/afs/cern.ch/sw/Gaudi/releases/GAUDI/GAUDI_v19r2/InstallArea/include/GaudiKernel/AlgFactory.h:14: error: expected unqualified-id before '&' token
/afs/cern.ch/sw/Gaudi/releases/GAUDI/GAUDI_v19r2/InstallArea/include/GaudiKernel/AlgFactory.h:14: error: expected `,' or `...' before '&' token
/afs/cern.ch/sw/Gaudi/releases/GAUDI/GAUDI_v19r2/InstallArea/include/GaudiKernel/AlgFactory.h:14: error: ISO C++ forbids declaration of `parameter' with no type
/afs/cern.ch/sw/Gaudi/releases/GAUDI/GAUDI_v19r2/InstallArea/include/GaudiKernel/AlgFactory.h: In static member function `static IAlgorithm* AlgFactory<T>::create(int)':
/afs/cern.ch/sw/Gaudi/releases/GAUDI/GAUDI_v19r2/InstallArea/include/GaudiKernel/AlgFactory.h:15: error: `name' was not declared in this scope
/afs/cern.ch/sw/Gaudi/releases/GAUDI/GAUDI_v19r2/InstallArea/include/GaudiKernel/AlgFactory.h:15: error: `svcloc' was not declared in this scope
/afs/cern.ch/sw/Gaudi/releases/GAUDI/GAUDI_v19r2/InstallArea/include/GaudiKernel/AlgFactory.h: At global scope:
/afs/cern.ch/sw/Gaudi/releases/GAUDI/GAUDI_v19r2/InstallArea/include/GaudiKernel/AlgFactory.h:20: error: `string' is not a member of `std'
/afs/cern.ch/sw/Gaudi/releases/GAUDI/GAUDI_v19r2/InstallArea/include/GaudiKernel/AlgFactory.h:20: error: a comma operator cannot appear in a constant-expression
/afs/cern.ch/sw/Gaudi/releases/GAUDI/GAUDI_v19r2/InstallArea/include/GaudiKernel/AlgFactory.h:20: error: wrong number of template arguments (2, should be 1)
/afs/cern.ch/sw/Gaudi/releases/GAUDI/GAUDI_v19r2/InstallArea/include/GaudiKernel/CnvFactory.h:22: error: provided for `template<class P> class <unnamed>::Factory'
In file included from /afs/cern.ch/sw/Gaudi/releases/GAUDI/GAUDI_v19r2/InstallArea/include/GaudiKernel/DeclareFactoryEntries.h:20,
                 from ../src/HltGlobalMonitor_load.cpp:1:
/afs/cern.ch/sw/Gaudi/releases/GAUDI/GAUDI_v19r2/InstallArea/include/GaudiKernel/ToolFactory.h:14: error: expected unqualified-id before '&' token
/afs/cern.ch/sw/Gaudi/releases/GAUDI/GAUDI_v19r2/InstallArea/include/GaudiKernel/ToolFactory.h:14: error: expected `,' or `...' before '&' token
/afs/cern.ch/sw/Gaudi/releases/GAUDI/GAUDI_v19r2/InstallArea/include/GaudiKernel/ToolFactory.h:14: error: ISO C++ forbids declaration of `parameter' with no type
/afs/cern.ch/sw/Gaudi/releases/GAUDI/GAUDI_v19r2/InstallArea/include/GaudiKernel/ToolFactory.h: In static member function `static IAlgTool* ToolFactory<T>::create(int)':
/afs/cern.ch/sw/Gaudi/releases/GAUDI/GAUDI_v19r2/InstallArea/include/GaudiKernel/ToolFactory.h:15: error: `type' was not declared in this scope
/afs/cern.ch/sw/Gaudi/releases/GAUDI/GAUDI_v19r2/InstallArea/include/GaudiKernel/ToolFactory.h:15: error: `name' was not declared in this scope
/afs/cern.ch/sw/Gaudi/releases/GAUDI/GAUDI_v19r2/InstallArea/include/GaudiKernel/ToolFactory.h:15: error: `parent' was not declared in this scope
/afs/cern.ch/sw/Gaudi/releases/GAUDI/GAUDI_v19r2/InstallArea/include/GaudiKernel/ToolFactory.h: At global scope:
/afs/cern.ch/sw/Gaudi/releases/GAUDI/GAUDI_v19r2/InstallArea/include/GaudiKernel/ToolFactory.h:20: error: `string' is not a member of `std'
/afs/cern.ch/sw/Gaudi/releases/GAUDI/GAUDI_v19r2/InstallArea/include/GaudiKernel/ToolFactory.h:20: error: a comma operator cannot appear in a constant-expression
/afs/cern.ch/sw/Gaudi/releases/GAUDI/GAUDI_v19r2/InstallArea/include/GaudiKernel/ToolFactory.h:20: error: `string' is not a member of `std'
/afs/cern.ch/sw/Gaudi/releases/GAUDI/GAUDI_v19r2/InstallArea/include/GaudiKernel/ToolFactory.h:20: error: a comma operator cannot appear in a constant-expression
/afs/cern.ch/sw/Gaudi/releases/GAUDI/GAUDI_v19r2/InstallArea/include/GaudiKernel/ToolFactory.h:25: error: wrong number of template arguments (2, should be 1)
/afs/cern.ch/sw/Gaudi/releases/GAUDI/GAUDI_v19r2/InstallArea/include/GaudiKernel/CnvFactory.h:22: error: provided for `template<class P> class <unnamed>::Factory'
/afs/cern.ch/sw/Gaudi/releases/GAUDI/GAUDI_v19r2/InstallArea/include/GaudiKernel/ToolFactory.h:25: error: expected unqualified-id before '}' token
../src/HltGlobalMonitor_load.cpp:7: error: expected `}' at end of input
gmake[3]: *** [../slc4_ia32_testjob2/HltGlobalMonitor_load.o] Error 1
gmake[2]: *** [HltGlobalMonitor] Error 2
gmake[1]: *** [common_target] Error 2
gmake: *** [check_config] Error 2
